0 info it worked if it ends with ok
1 verbose cli [ 'C:\\Program Files\\nodejs\\node.exe',
1 verbose cli   'C:\\Program Files\\nodejs\\node_modules\\npm\\bin\\npm-cli.js',
1 verbose cli   'install',
1 verbose cli   'angular-resource' ]
2 info using npm@3.10.10
3 info using node@v6.10.3
4 silly loadCurrentTree Starting
5 silly install loadCurrentTree
6 silly install readLocalPackageData
7 silly fetchPackageMetaData angular-resource
8 silly fetchNamedPackageData angular-resource
9 silly mapToRegistry name angular-resource
10 silly mapToRegistry using default registry
11 silly mapToRegistry registry https://registry.npmjs.org/
12 silly mapToRegistry data Result {
12 silly mapToRegistry   raw: 'angular-resource',
12 silly mapToRegistry   scope: null,
12 silly mapToRegistry   escapedName: 'angular-resource',
12 silly mapToRegistry   name: 'angular-resource',
12 silly mapToRegistry   rawSpec: '',
12 silly mapToRegistry   spec: 'latest',
12 silly mapToRegistry   type: 'tag' }
13 silly mapToRegistry uri https://registry.npmjs.org/angular-resource
14 verbose request uri https://registry.npmjs.org/angular-resource
15 verbose request no auth needed
16 info attempt registry request try #1 at 7:00:12 PM
17 verbose request id 9ee5ab1f755289b2
18 verbose etag W/"58de226a-199d9"
19 verbose lastModified Fri, 31 Mar 2017 09:33:30 GMT
20 http request GET https://registry.npmjs.org/angular-resource
21 http 304 https://registry.npmjs.org/angular-resource
22 verbose headers { date: 'Mon, 22 May 2017 02:00:39 GMT',
22 verbose headers   via: '1.1 varnish',
22 verbose headers   'cache-control': 'max-age=300',
22 verbose headers   etag: 'W/"58de226a-199d9"',
22 verbose headers   age: '0',
22 verbose headers   connection: 'keep-alive',
22 verbose headers   'x-served-by': 'cache-lax8622-LAX',
22 verbose headers   'x-cache': 'HIT',
22 verbose headers   'x-cache-hits': '1',
22 verbose headers   'x-timer': 'S1495418440.522967,VS0,VE163',
22 verbose headers   vary: 'Accept-Encoding' }
23 silly get cb [ 304,
23 silly get   { date: 'Mon, 22 May 2017 02:00:39 GMT',
23 silly get     via: '1.1 varnish',
23 silly get     'cache-control': 'max-age=300',
23 silly get     etag: 'W/"58de226a-199d9"',
23 silly get     age: '0',
23 silly get     connection: 'keep-alive',
23 silly get     'x-served-by': 'cache-lax8622-LAX',
23 silly get     'x-cache': 'HIT',
23 silly get     'x-cache-hits': '1',
23 silly get     'x-timer': 'S1495418440.522967,VS0,VE163',
23 silly get     vary: 'Accept-Encoding' } ]
24 verbose etag https://registry.npmjs.org/angular-resource from cache
25 verbose get saving angular-resource to C:\Users\Lord Amit\AppData\Roaming\npm-cache\registry.npmjs.org\angular-resource\.cache.json
26 verbose correctMkdir C:\Users\Lord Amit\AppData\Roaming\npm-cache correctMkdir not in flight; initializing
27 silly install normalizeTree
28 silly loadCurrentTree Finishing
29 silly loadIdealTree Starting
30 silly install loadIdealTree
31 silly cloneCurrentTree Starting
32 silly install cloneCurrentTreeToIdealTree
33 silly cloneCurrentTree Finishing
34 silly loadShrinkwrap Starting
35 silly install loadShrinkwrap
36 silly loadShrinkwrap Finishing
37 silly loadAllDepsIntoIdealTree Starting
38 silly install loadAllDepsIntoIdealTree
39 silly resolveWithNewModule angular-resource@1.6.4 checking installable status
40 silly cache add args [ 'angular-resource', null ]
41 verbose cache add spec angular-resource
42 silly cache add parsed spec Result {
42 silly cache add   raw: 'angular-resource',
42 silly cache add   scope: null,
42 silly cache add   escapedName: 'angular-resource',
42 silly cache add   name: 'angular-resource',
42 silly cache add   rawSpec: '',
42 silly cache add   spec: 'latest',
42 silly cache add   type: 'tag' }
43 silly addNamed angular-resource@latest
44 verbose addNamed "latest" is being treated as a dist-tag for angular-resource
45 info addNameTag [ 'angular-resource', 'latest' ]
46 silly mapToRegistry name angular-resource
47 silly mapToRegistry using default registry
48 silly mapToRegistry registry https://registry.npmjs.org/
49 silly mapToRegistry data Result {
49 silly mapToRegistry   raw: 'angular-resource',
49 silly mapToRegistry   scope: null,
49 silly mapToRegistry   escapedName: 'angular-resource',
49 silly mapToRegistry   name: 'angular-resource',
49 silly mapToRegistry   rawSpec: '',
49 silly mapToRegistry   spec: 'latest',
49 silly mapToRegistry   type: 'tag' }
50 silly mapToRegistry uri https://registry.npmjs.org/angular-resource
51 verbose addNameTag registry:https://registry.npmjs.org/angular-resource not in flight; fetching
52 verbose get https://registry.npmjs.org/angular-resource not expired, no request
53 silly addNameTag next cb for angular-resource with tag latest
54 silly addNamed angular-resource@1.6.4
55 verbose addNamed "1.6.4" is a plain semver version for angular-resource
56 silly cache afterAdd angular-resource@1.6.4
57 verbose afterAdd C:\Users\Lord Amit\AppData\Roaming\npm-cache\angular-resource\1.6.4\package\package.json not in flight; writing
58 verbose correctMkdir C:\Users\Lord Amit\AppData\Roaming\npm-cache correctMkdir not in flight; initializing
59 verbose afterAdd C:\Users\Lord Amit\AppData\Roaming\npm-cache\angular-resource\1.6.4\package\package.json written
60 silly fetchNamedPackageData fsevents
61 silly mapToRegistry name fsevents
62 silly mapToRegistry using default registry
63 silly mapToRegistry registry https://registry.npmjs.org/
64 silly mapToRegistry data Result {
64 silly mapToRegistry   raw: 'fsevents',
64 silly mapToRegistry   scope: null,
64 silly mapToRegistry   escapedName: 'fsevents',
64 silly mapToRegistry   name: 'fsevents',
64 silly mapToRegistry   rawSpec: '',
64 silly mapToRegistry   spec: 'latest',
64 silly mapToRegistry   type: 'tag' }
65 silly mapToRegistry uri https://registry.npmjs.org/fsevents
66 verbose request uri https://registry.npmjs.org/fsevents
67 verbose request no auth needed
68 info attempt registry request try #1 at 7:00:12 PM
69 verbose etag W/"591c7655-d5f5"
70 verbose lastModified Wed, 17 May 2017 16:12:05 GMT
71 http request GET https://registry.npmjs.org/fsevents
72 http 304 https://registry.npmjs.org/fsevents
73 verbose headers { date: 'Mon, 22 May 2017 02:00:40 GMT',
73 verbose headers   via: '1.1 varnish',
73 verbose headers   'cache-control': 'max-age=300',
73 verbose headers   etag: 'W/"591c7655-d5f5"',
73 verbose headers   age: '257',
73 verbose headers   connection: 'keep-alive',
73 verbose headers   'x-served-by': 'cache-lax8622-LAX',
73 verbose headers   'x-cache': 'HIT',
73 verbose headers   'x-cache-hits': '5',
73 verbose headers   'x-timer': 'S1495418440.000375,VS0,VE0',
73 verbose headers   vary: 'Accept-Encoding' }
74 silly get cb [ 304,
74 silly get   { date: 'Mon, 22 May 2017 02:00:40 GMT',
74 silly get     via: '1.1 varnish',
74 silly get     'cache-control': 'max-age=300',
74 silly get     etag: 'W/"591c7655-d5f5"',
74 silly get     age: '257',
74 silly get     connection: 'keep-alive',
74 silly get     'x-served-by': 'cache-lax8622-LAX',
74 silly get     'x-cache': 'HIT',
74 silly get     'x-cache-hits': '5',
74 silly get     'x-timer': 'S1495418440.000375,VS0,VE0',
74 silly get     vary: 'Accept-Encoding' } ]
75 verbose etag https://registry.npmjs.org/fsevents from cache
76 verbose get saving fsevents to C:\Users\Lord Amit\AppData\Roaming\npm-cache\registry.npmjs.org\fsevents\.cache.json
77 verbose correctMkdir C:\Users\Lord Amit\AppData\Roaming\npm-cache correctMkdir not in flight; initializing
78 silly resolveWithNewModule fsevents@1.1.1 checking installable status
79 silly loadAllDepsIntoIdealTree Finishing
80 silly loadIdealTree Finishing
81 silly currentTree api@1.0.0
81 silly currentTree +-- accepts@1.3.3
81 silly currentTree +-- angular-resource@1.6.4
81 silly currentTree +-- anymatch@1.3.0
81 silly currentTree +-- arr-diff@2.0.0
81 silly currentTree +-- arr-flatten@1.0.3
81 silly currentTree +-- array-flatten@1.1.1
81 silly currentTree +-- array-unique@0.2.1
81 silly currentTree +-- arrify@1.0.1
81 silly currentTree +-- async-each@1.0.1
81 silly currentTree +-- async@2.1.4
81 silly currentTree +-- balanced-match@0.4.2
81 silly currentTree +-- binary-extensions@1.8.0
81 silly currentTree +-- bluebird@2.10.2
81 silly currentTree +-- body-parser@1.17.2
81 silly currentTree +-- brace-expansion@1.1.7
81 silly currentTree +-- braces@1.8.5
81 silly currentTree +-- bson@1.0.4
81 silly currentTree +-- buffer-shims@1.0.0
81 silly currentTree +-- bytes@2.4.0
81 silly currentTree +-- chokidar@1.7.0
81 silly currentTree +-- concat-map@0.0.1
81 silly currentTree +-- content-disposition@0.5.2
81 silly currentTree +-- content-type@1.0.2
81 silly currentTree +-- cookie-signature@1.0.6
81 silly currentTree +-- cookie@0.3.1
81 silly currentTree +-- core-util-is@1.0.2
81 silly currentTree +-- debug@2.6.7
81 silly currentTree +-- depd@1.1.0
81 silly currentTree +-- destroy@1.0.4
81 silly currentTree +-- ee-first@1.1.1
81 silly currentTree +-- encodeurl@1.0.1
81 silly currentTree +-- es6-promise@3.2.1
81 silly currentTree +-- escape-html@1.0.3
81 silly currentTree +-- etag@1.8.0
81 silly currentTree +-- expand-brackets@0.1.5
81 silly currentTree +-- expand-range@1.8.2
81 silly currentTree +-- express@4.15.3
81 silly currentTree +-- extglob@0.3.2
81 silly currentTree +-- filename-regex@2.0.1
81 silly currentTree +-- fill-range@2.2.3
81 silly currentTree +-- finalhandler@1.0.3
81 silly currentTree +-- for-in@1.0.2
81 silly currentTree +-- for-own@0.1.5
81 silly currentTree +-- forwarded@0.1.0
81 silly currentTree +-- fresh@0.5.0
81 silly currentTree +-- glob-base@0.3.0
81 silly currentTree +-- glob-parent@2.0.0
81 silly currentTree +-- graceful-fs@4.1.11
81 silly currentTree +-- hooks-fixed@2.0.0
81 silly currentTree +-- http-errors@1.6.1
81 silly currentTree +-- iconv-lite@0.4.15
81 silly currentTree +-- inherits@2.0.3
81 silly currentTree +-- ipaddr.js@1.3.0
81 silly currentTree +-- is-binary-path@1.0.1
81 silly currentTree +-- is-buffer@1.1.5
81 silly currentTree +-- is-dotfile@1.0.2
81 silly currentTree +-- is-equal-shallow@0.1.3
81 silly currentTree +-- is-extendable@0.1.1
81 silly currentTree +-- is-extglob@1.0.0
81 silly currentTree +-- is-glob@2.0.1
81 silly currentTree +-- is-number@2.1.0
81 silly currentTree +-- is-posix-bracket@0.1.1
81 silly currentTree +-- is-primitive@2.0.0
81 silly currentTree +-- isarray@1.0.0
81 silly currentTree +-- isobject@2.1.0
81 silly currentTree +-- kareem@1.4.1
81 silly currentTree +-- kind-of@3.2.2
81 silly currentTree +-- lodash@4.17.4
81 silly currentTree +-- media-typer@0.3.0
81 silly currentTree +-- merge-descriptors@1.0.1
81 silly currentTree +-- methods@1.1.2
81 silly currentTree +-- micromatch@2.3.11
81 silly currentTree +-- mime-db@1.27.0
81 silly currentTree +-- mime-types@2.1.15
81 silly currentTree +-- mime@1.3.4
81 silly currentTree +-- minimatch@3.0.4
81 silly currentTree +-- mongo@0.1.0
81 silly currentTree +-- mongodb-core@2.1.10
81 silly currentTree +-- mongodb@2.2.26
81 silly currentTree +-- mongoose@4.10.0
81 silly currentTree | `-- ms@0.7.2
81 silly currentTree +-- mpath@0.2.1
81 silly currentTree +-- mpromise@0.5.5
81 silly currentTree +-- mquery@2.3.0
81 silly currentTree | +-- debug@2.2.0
81 silly currentTree | +-- ms@0.7.1
81 silly currentTree | `-- sliced@0.0.5
81 silly currentTree +-- ms@2.0.0
81 silly currentTree +-- muri@1.2.1
81 silly currentTree +-- negotiator@0.6.1
81 silly currentTree +-- node-dir@0.1.16
81 silly currentTree +-- normalize-path@2.1.1
81 silly currentTree +-- object.omit@2.0.1
81 silly currentTree +-- on-finished@2.3.0
81 silly currentTree +-- parse-glob@3.0.4
81 silly currentTree +-- parseurl@1.3.1
81 silly currentTree +-- path-is-absolute@1.0.1
81 silly currentTree +-- path-to-regexp@0.1.7
81 silly currentTree +-- preserve@0.2.0
81 silly currentTree +-- process-nextick-args@1.0.7
81 silly currentTree +-- proxy-addr@1.1.4
81 silly currentTree +-- qs@6.4.0
81 silly currentTree +-- randomatic@1.1.6
81 silly currentTree +-- range-parser@1.2.0
81 silly currentTree +-- raw-body@2.2.0
81 silly currentTree +-- readable-stream@2.2.7
81 silly currentTree +-- readdirp@2.1.0
81 silly currentTree +-- regex-cache@0.4.3
81 silly currentTree +-- regexp-clone@0.0.1
81 silly currentTree +-- remove-trailing-separator@1.0.1
81 silly currentTree +-- repeat-element@1.1.2
81 silly currentTree +-- repeat-string@1.6.1
81 silly currentTree +-- require_optional@1.0.0
81 silly currentTree +-- resolve-from@2.0.0
81 silly currentTree +-- safe-buffer@5.0.1
81 silly currentTree +-- semver@5.3.0
81 silly currentTree +-- send@0.15.3
81 silly currentTree +-- serve-static@1.12.3
81 silly currentTree +-- set-immediate-shim@1.0.1
81 silly currentTree +-- setprototypeof@1.0.3
81 silly currentTree +-- shortid@2.2.8
81 silly currentTree +-- sliced@1.0.1
81 silly currentTree +-- statuses@1.3.1
81 silly currentTree +-- string_decoder@1.0.1
81 silly currentTree +-- type-is@1.6.15
81 silly currentTree +-- unpipe@1.0.0
81 silly currentTree +-- util-deprecate@1.0.2
81 silly currentTree +-- utils-merge@1.0.0
81 silly currentTree `-- vary@1.1.1
82 silly idealTree api@1.0.0
82 silly idealTree +-- accepts@1.3.3
82 silly idealTree +-- angular-resource@1.6.4
82 silly idealTree +-- anymatch@1.3.0
82 silly idealTree +-- arr-diff@2.0.0
82 silly idealTree +-- arr-flatten@1.0.3
82 silly idealTree +-- array-flatten@1.1.1
82 silly idealTree +-- array-unique@0.2.1
82 silly idealTree +-- arrify@1.0.1
82 silly idealTree +-- async-each@1.0.1
82 silly idealTree +-- async@2.1.4
82 silly idealTree +-- balanced-match@0.4.2
82 silly idealTree +-- binary-extensions@1.8.0
82 silly idealTree +-- bluebird@2.10.2
82 silly idealTree +-- body-parser@1.17.2
82 silly idealTree +-- brace-expansion@1.1.7
82 silly idealTree +-- braces@1.8.5
82 silly idealTree +-- bson@1.0.4
82 silly idealTree +-- buffer-shims@1.0.0
82 silly idealTree +-- bytes@2.4.0
82 silly idealTree +-- chokidar@1.7.0
82 silly idealTree +-- concat-map@0.0.1
82 silly idealTree +-- content-disposition@0.5.2
82 silly idealTree +-- content-type@1.0.2
82 silly idealTree +-- cookie-signature@1.0.6
82 silly idealTree +-- cookie@0.3.1
82 silly idealTree +-- core-util-is@1.0.2
82 silly idealTree +-- debug@2.6.7
82 silly idealTree +-- depd@1.1.0
82 silly idealTree +-- destroy@1.0.4
82 silly idealTree +-- ee-first@1.1.1
82 silly idealTree +-- encodeurl@1.0.1
82 silly idealTree +-- es6-promise@3.2.1
82 silly idealTree +-- escape-html@1.0.3
82 silly idealTree +-- etag@1.8.0
82 silly idealTree +-- expand-brackets@0.1.5
82 silly idealTree +-- expand-range@1.8.2
82 silly idealTree +-- express@4.15.3
82 silly idealTree +-- extglob@0.3.2
82 silly idealTree +-- filename-regex@2.0.1
82 silly idealTree +-- fill-range@2.2.3
82 silly idealTree +-- finalhandler@1.0.3
82 silly idealTree +-- for-in@1.0.2
82 silly idealTree +-- for-own@0.1.5
82 silly idealTree +-- forwarded@0.1.0
82 silly idealTree +-- fresh@0.5.0
82 silly idealTree +-- glob-base@0.3.0
82 silly idealTree +-- glob-parent@2.0.0
82 silly idealTree +-- graceful-fs@4.1.11
82 silly idealTree +-- hooks-fixed@2.0.0
82 silly idealTree +-- http-errors@1.6.1
82 silly idealTree +-- iconv-lite@0.4.15
82 silly idealTree +-- inherits@2.0.3
82 silly idealTree +-- ipaddr.js@1.3.0
82 silly idealTree +-- is-binary-path@1.0.1
82 silly idealTree +-- is-buffer@1.1.5
82 silly idealTree +-- is-dotfile@1.0.2
82 silly idealTree +-- is-equal-shallow@0.1.3
82 silly idealTree +-- is-extendable@0.1.1
82 silly idealTree +-- is-extglob@1.0.0
82 silly idealTree +-- is-glob@2.0.1
82 silly idealTree +-- is-number@2.1.0
82 silly idealTree +-- is-posix-bracket@0.1.1
82 silly idealTree +-- is-primitive@2.0.0
82 silly idealTree +-- isarray@1.0.0
82 silly idealTree +-- isobject@2.1.0
82 silly idealTree +-- kareem@1.4.1
82 silly idealTree +-- kind-of@3.2.2
82 silly idealTree +-- lodash@4.17.4
82 silly idealTree +-- media-typer@0.3.0
82 silly idealTree +-- merge-descriptors@1.0.1
82 silly idealTree +-- methods@1.1.2
82 silly idealTree +-- micromatch@2.3.11
82 silly idealTree +-- mime-db@1.27.0
82 silly idealTree +-- mime-types@2.1.15
82 silly idealTree +-- mime@1.3.4
82 silly idealTree +-- minimatch@3.0.4
82 silly idealTree +-- mongo@0.1.0
82 silly idealTree +-- mongodb-core@2.1.10
82 silly idealTree +-- mongodb@2.2.26
82 silly idealTree +-- mongoose@4.10.0
82 silly idealTree | `-- ms@0.7.2
82 silly idealTree +-- mpath@0.2.1
82 silly idealTree +-- mpromise@0.5.5
82 silly idealTree +-- mquery@2.3.0
82 silly idealTree | +-- debug@2.2.0
82 silly idealTree | +-- ms@0.7.1
82 silly idealTree | `-- sliced@0.0.5
82 silly idealTree +-- ms@2.0.0
82 silly idealTree +-- muri@1.2.1
82 silly idealTree +-- negotiator@0.6.1
82 silly idealTree +-- node-dir@0.1.16
82 silly idealTree +-- normalize-path@2.1.1
82 silly idealTree +-- object.omit@2.0.1
82 silly idealTree +-- on-finished@2.3.0
82 silly idealTree +-- parse-glob@3.0.4
82 silly idealTree +-- parseurl@1.3.1
82 silly idealTree +-- path-is-absolute@1.0.1
82 silly idealTree +-- path-to-regexp@0.1.7
82 silly idealTree +-- preserve@0.2.0
82 silly idealTree +-- process-nextick-args@1.0.7
82 silly idealTree +-- proxy-addr@1.1.4
82 silly idealTree +-- qs@6.4.0
82 silly idealTree +-- randomatic@1.1.6
82 silly idealTree +-- range-parser@1.2.0
82 silly idealTree +-- raw-body@2.2.0
82 silly idealTree +-- readable-stream@2.2.7
82 silly idealTree +-- readdirp@2.1.0
82 silly idealTree +-- regex-cache@0.4.3
82 silly idealTree +-- regexp-clone@0.0.1
82 silly idealTree +-- remove-trailing-separator@1.0.1
82 silly idealTree +-- repeat-element@1.1.2
82 silly idealTree +-- repeat-string@1.6.1
82 silly idealTree +-- require_optional@1.0.0
82 silly idealTree +-- resolve-from@2.0.0
82 silly idealTree +-- safe-buffer@5.0.1
82 silly idealTree +-- semver@5.3.0
82 silly idealTree +-- send@0.15.3
82 silly idealTree +-- serve-static@1.12.3
82 silly idealTree +-- set-immediate-shim@1.0.1
82 silly idealTree +-- setprototypeof@1.0.3
82 silly idealTree +-- shortid@2.2.8
82 silly idealTree +-- sliced@1.0.1
82 silly idealTree +-- statuses@1.3.1
82 silly idealTree +-- string_decoder@1.0.1
82 silly idealTree +-- type-is@1.6.15
82 silly idealTree +-- unpipe@1.0.0
82 silly idealTree +-- util-deprecate@1.0.2
82 silly idealTree +-- utils-merge@1.0.0
82 silly idealTree `-- vary@1.1.1
83 silly generateActionsToTake Starting
84 silly install generateActionsToTake
85 silly generateActionsToTake Finishing
86 silly diffTrees action count 1
87 silly diffTrees update angular-resource@1.6.4
88 silly decomposeActions action count 9
89 silly decomposeActions remove angular-resource@1.6.4
90 silly decomposeActions fetch angular-resource@1.6.4
91 silly decomposeActions extract angular-resource@1.6.4
92 silly decomposeActions test angular-resource@1.6.4
93 silly decomposeActions preinstall angular-resource@1.6.4
94 silly decomposeActions build angular-resource@1.6.4
95 silly decomposeActions install angular-resource@1.6.4
96 silly decomposeActions postinstall angular-resource@1.6.4
97 silly decomposeActions finalize angular-resource@1.6.4
98 silly runTopLevelLifecycles Starting
99 silly executeActions Starting
100 silly install executeActions
101 silly doSerial global-install 0
102 silly doParallel fetch 1
103 verbose correctMkdir C:\Users\Lord Amit\AppData\Roaming\npm-cache\_locks correctMkdir not in flight; initializing
104 verbose lock using C:\Users\Lord Amit\AppData\Roaming\npm-cache\_locks\staging-aea2f52f8bccbf50.lock for C:\programming\git\project_meme\api\node_modules\.staging
105 silly doParallel extract 1
106 silly extract angular-resource@1.6.4
107 verbose unbuild node_modules\.staging\angular-resource-cbb82737
108 silly gentlyRm C:\programming\git\project_meme\api\node_modules\.staging\angular-resource-cbb82737 is being purged from base C:\programming\git\project_meme\api
109 verbose gentlyRm don't care about contents; nuking C:\programming\git\project_meme\api\node_modules\.staging\angular-resource-cbb82737
110 verbose tar unpack C:\Users\Lord Amit\AppData\Roaming\npm-cache\angular-resource\1.6.4\package.tgz
111 verbose tar unpacking to C:\programming\git\project_meme\api\node_modules\.staging\angular-resource-cbb82737
112 silly gentlyRm C:\programming\git\project_meme\api\node_modules\.staging\angular-resource-cbb82737 is being purged
113 verbose gentlyRm don't care about contents; nuking C:\programming\git\project_meme\api\node_modules\.staging\angular-resource-cbb82737
114 silly gunzTarPerm modes [ '777', '666' ]
115 silly gunzTarPerm extractEntry package.json
116 silly gunzTarPerm modified mode [ 'package.json', 420, 438 ]
117 silly gunzTarPerm extractEntry README.md
118 silly gunzTarPerm modified mode [ 'README.md', 420, 438 ]
119 silly gunzTarPerm extractEntry angular-resource.js
120 silly gunzTarPerm modified mode [ 'angular-resource.js', 420, 438 ]
121 silly gunzTarPerm extractEntry angular-resource.min.js
122 silly gunzTarPerm modified mode [ 'angular-resource.min.js', 420, 438 ]
123 silly gunzTarPerm extractEntry index.js
124 silly gunzTarPerm modified mode [ 'index.js', 420, 438 ]
125 silly gunzTarPerm extractEntry LICENSE.md
126 silly gunzTarPerm modified mode [ 'LICENSE.md', 420, 438 ]
127 silly gunzTarPerm extractEntry angular-resource.min.js.map
128 silly gunzTarPerm modified mode [ 'angular-resource.min.js.map', 420, 438 ]
129 silly gunzTarPerm extractEntry bower.json
130 silly gunzTarPerm modified mode [ 'bower.json', 420, 438 ]
131 silly gentlyRm C:\programming\git\project_meme\api\node_modules\.staging\angular-resource-cbb82737\node_modules is being purged
132 verbose gentlyRm don't care about contents; nuking C:\programming\git\project_meme\api\node_modules\.staging\angular-resource-cbb82737\node_modules
133 silly doParallel preinstall 1
134 silly preinstall angular-resource@1.6.4 C:\programming\git\project_meme\api\node_modules\.staging\angular-resource-cbb82737
135 info lifecycle angular-resource@1.6.4~preinstall: angular-resource@1.6.4
136 silly lifecycle angular-resource@1.6.4~preinstall: no script for preinstall, continuing
137 silly doReverseSerial remove 1
138 silly remove C:\programming\git\project_meme\api\node_modules\angular-resource
139 verbose unbuild node_modules\angular-resource
140 info lifecycle angular-resource@1.6.4~preuninstall: angular-resource@1.6.4
141 silly lifecycle angular-resource@1.6.4~preuninstall: no script for preuninstall, continuing
142 info lifecycle angular-resource@1.6.4~uninstall: angular-resource@1.6.4
143 silly lifecycle angular-resource@1.6.4~uninstall: no script for uninstall, continuing
144 verbose unbuild rmStuff angular-resource@1.6.4 from C:\programming\git\project_meme\api\node_modules
145 info lifecycle angular-resource@1.6.4~postuninstall: angular-resource@1.6.4
146 silly lifecycle angular-resource@1.6.4~postuninstall: no script for postuninstall, continuing
147 silly gentlyRm C:\programming\git\project_meme\api\node_modules\angular-resource is being purged from base C:\programming\git\project_meme\api
148 verbose gentlyRm don't care about contents; nuking C:\programming\git\project_meme\api\node_modules\angular-resource
149 silly vacuum-fs purging C:\programming\git\project_meme\api\node_modules\angular-resource
150 verbose unlock done using C:\Users\Lord Amit\AppData\Roaming\npm-cache\_locks\staging-aea2f52f8bccbf50.lock for C:\programming\git\project_meme\api\node_modules\.staging
151 silly rollbackFailedOptional Starting
152 silly rollbackFailedOptional Finishing
153 silly runTopLevelLifecycles Finishing
154 silly install printInstalled
155 warn optional SKIPPING OPTIONAL DEPENDENCY: fsevents@^1.0.0 (node_modules\chokidar\node_modules\fsevents):
156 warn notsup SKIPPING OPTIONAL DEPENDENCY: Unsupported platform for fsevents@1.1.1: wanted {"os":"darwin","arch":"any"} (current: {"os":"win32","arch":"x64"})
157 verbose notsup SKIPPING OPTIONAL DEPENDENCY: Valid OS:    darwin
157 verbose notsup SKIPPING OPTIONAL DEPENDENCY: Valid Arch:  any
157 verbose notsup SKIPPING OPTIONAL DEPENDENCY: Actual OS:   win32
157 verbose notsup SKIPPING OPTIONAL DEPENDENCY: Actual Arch: x64
158 verbose stack Error: EBUSY: resource busy or locked, rmdir 'C:\programming\git\project_meme\api\node_modules\angular-resource'
158 verbose stack     at Error (native)
159 verbose cwd C:\programming\git\project_meme\api\website
160 error Windows_NT 6.1.7601
161 error argv "C:\\Program Files\\nodejs\\node.exe" "C:\\Program Files\\nodejs\\node_modules\\npm\\bin\\npm-cli.js" "install" "angular-resource"
162 error node v6.10.3
163 error npm  v3.10.10
164 error path C:\programming\git\project_meme\api\node_modules\angular-resource
165 error code EBUSY
166 error errno -4082
167 error syscall rmdir
168 error EBUSY: resource busy or locked, rmdir 'C:\programming\git\project_meme\api\node_modules\angular-resource'
169 error If you need help, you may report this error at:
169 error     <https://github.com/npm/npm/issues>
170 verbose exit [ -4082, true ]
